2023-10-05T20:16:24.026+03:00  INFO 12732 --- [main] c.example.lease_by.LeaseByApplication    : Starting LeaseByApplication using Java 19.0.1 with PID 12732 (C:\Users\ermak\IdeaProjects\lease_by\target\classes started by ermak in C:\Users\ermak\IdeaProjects\lease_by)
2023-10-05T20:16:24.030+03:00  INFO 12732 --- [main] c.example.lease_by.LeaseByApplication    : No active profile set, falling back to 1 default profile: "default"
2023-10-05T20:16:25.341+03:00  INFO 12732 --- [main] .s.d.r.c.RepositoryConfigurationDelegate : Bootstrapping Spring Data JPA repositories in DEFAULT mode.
2023-10-05T20:16:25.372+03:00  INFO 12732 --- [main] .s.d.r.c.RepositoryConfigurationDelegate : Finished Spring Data repository scanning in 20 ms. Found 0 JPA repository interfaces.
2023-10-05T20:16:26.042+03:00  INFO 12732 --- [main] o.s.b.w.embedded.tomcat.TomcatWebServer  : Tomcat initialized with port(s): 8080 (http)
2023-10-05T20:16:26.054+03:00  INFO 12732 --- [main] o.apache.catalina.core.StandardService   : Starting service [Tomcat]
2023-10-05T20:16:26.054+03:00  INFO 12732 --- [main] o.apache.catalina.core.StandardEngine    : Starting Servlet engine: [Apache Tomcat/10.1.13]
2023-10-05T20:16:26.369+03:00  INFO 12732 --- [main] org.apache.jasper.servlet.TldScanner     : At least one JAR was scanned for TLDs yet contained no TLDs. Enable debug logging for this logger for a complete list of JARs that were scanned but no TLDs were found in them. Skipping unneeded JARs during scanning can improve startup time and JSP compilation time.
2023-10-05T20:16:26.377+03:00  INFO 12732 --- [main] o.a.c.c.C.[Tomcat].[localhost].[/]       : Initializing Spring embedded WebApplicationContext
2023-10-05T20:16:26.378+03:00  INFO 12732 --- [main] w.s.c.ServletWebServerApplicationContext : Root WebApplicationContext: initialization completed in 2253 ms
2023-10-05T20:16:26.541+03:00  INFO 12732 --- [main] com.zaxxer.hikari.HikariDataSource       : HikariPool-1 - Starting...
2023-10-05T20:16:27.679+03:00 ERROR 12732 --- [main] com.zaxxer.hikari.pool.HikariPool        : HikariPool-1 - Exception during pool initialization.

org.postgresql.util.PSQLException: FATAL: database "lease_by" does not exist
	at org.postgresql.core.v3.QueryExecutorImpl.receiveErrorResponse(QueryExecutorImpl.java:2713) ~[postgresql-42.6.0.jar:42.6.0]
	at org.postgresql.core.v3.QueryExecutorImpl.readStartupMessages(QueryExecutorImpl.java:2825) ~[postgresql-42.6.0.jar:42.6.0]
	at org.postgresql.core.v3.QueryExecutorImpl.<init>(QueryExecutorImpl.java:175) ~[postgresql-42.6.0.jar:42.6.0]
	at org.postgresql.core.v3.ConnectionFactoryImpl.openConnectionImpl(ConnectionFactoryImpl.java:313) ~[postgresql-42.6.0.jar:42.6.0]
	at org.postgresql.core.ConnectionFactory.openConnection(ConnectionFactory.java:54) ~[postgresql-42.6.0.jar:42.6.0]
	at org.postgresql.jdbc.PgConnection.<init>(PgConnection.java:263) ~[postgresql-42.6.0.jar:42.6.0]
	at org.postgresql.Driver.makeConnection(Driver.java:443) ~[postgresql-42.6.0.jar:42.6.0]
	at org.postgresql.Driver.connect(Driver.java:297) ~[postgresql-42.6.0.jar:42.6.0]
	at com.zaxxer.hikari.util.DriverDataSource.getConnection(DriverDataSource.java:138) ~[HikariCP-5.0.1.jar:na]
	at com.zaxxer.hikari.pool.PoolBase.newConnection(PoolBase.java:359) ~[HikariCP-5.0.1.jar:na]
	at com.zaxxer.hikari.pool.PoolBase.newPoolEntry(PoolBase.java:201) ~[HikariCP-5.0.1.jar:na]
	at com.zaxxer.hikari.pool.HikariPool.createPoolEntry(HikariPool.java:470) ~[HikariCP-5.0.1.jar:na]
	at com.zaxxer.hikari.pool.HikariPool.checkFailFast(HikariPool.java:561) ~[HikariCP-5.0.1.jar:na]
	at com.zaxxer.hikari.pool.HikariPool.<init>(HikariPool.java:100) ~[HikariCP-5.0.1.jar:na]
	at com.zaxxer.hikari.HikariDataSource.getConnection(HikariDataSource.java:112) ~[HikariCP-5.0.1.jar:na]
	at liquibase.integration.spring.SpringLiquibase.afterPropertiesSet(SpringLiquibase.java:281) ~[liquibase-core-4.20.0.jar:na]
	at org.springframework.beans.factory.support.AbstractAutowireCapableBeanFactory.invokeInitMethods(AbstractAutowireCapableBeanFactory.java:1817) ~[spring-beans-6.0.12.jar:6.0.12]
	at org.springframework.beans.factory.support.AbstractAutowireCapableBeanFactory.initializeBean(AbstractAutowireCapableBeanFactory.java:1766) ~[spring-beans-6.0.12.jar:6.0.12]
	at org.springframework.beans.factory.support.AbstractAutowireCapableBeanFactory.doCreateBean(AbstractAutowireCapableBeanFactory.java:598) ~[spring-beans-6.0.12.jar:6.0.12]
	at org.springframework.beans.factory.support.AbstractAutowireCapableBeanFactory.createBean(AbstractAutowireCapableBeanFactory.java:520) ~[spring-beans-6.0.12.jar:6.0.12]
	at org.springframework.beans.factory.support.AbstractBeanFactory.lambda$doGetBean$0(AbstractBeanFactory.java:325) ~[spring-beans-6.0.12.jar:6.0.12]
	at org.springframework.beans.factory.support.DefaultSingletonBeanRegistry.getSingleton(DefaultSingletonBeanRegistry.java:234) ~[spring-beans-6.0.12.jar:6.0.12]
	at org.springframework.beans.factory.support.AbstractBeanFactory.doGetBean(AbstractBeanFactory.java:323) ~[spring-beans-6.0.12.jar:6.0.12]
	at org.springframework.beans.factory.support.AbstractBeanFactory.getBean(AbstractBeanFactory.java:199) ~[spring-beans-6.0.12.jar:6.0.12]
	at org.springframework.beans.factory.support.AbstractBeanFactory.doGetBean(AbstractBeanFactory.java:312) ~[spring-beans-6.0.12.jar:6.0.12]
	at org.springframework.beans.factory.support.AbstractBeanFactory.getBean(AbstractBeanFactory.java:199) ~[spring-beans-6.0.12.jar:6.0.12]
	at org.springframework.context.support.AbstractApplicationContext.getBean(AbstractApplicationContext.java:1158) ~[spring-context-6.0.12.jar:6.0.12]
	at org.springframework.context.support.AbstractApplicationContext.finishBeanFactoryInitialization(AbstractApplicationContext.java:932) ~[spring-context-6.0.12.jar:6.0.12]
	at org.springframework.context.support.AbstractApplicationContext.refresh(AbstractApplicationContext.java:608) ~[spring-context-6.0.12.jar:6.0.12]
	at org.springframework.boot.web.servlet.context.ServletWebServerApplicationContext.refresh(ServletWebServerApplicationContext.java:146) ~[spring-boot-3.1.4.jar:3.1.4]
	at org.springframework.boot.SpringApplication.refresh(SpringApplication.java:737) ~[spring-boot-3.1.4.jar:3.1.4]
	at org.springframework.boot.SpringApplication.refreshContext(SpringApplication.java:439) ~[spring-boot-3.1.4.jar:3.1.4]
	at org.springframework.boot.SpringApplication.run(SpringApplication.java:315) ~[spring-boot-3.1.4.jar:3.1.4]
	at org.springframework.boot.SpringApplication.run(SpringApplication.java:1309) ~[spring-boot-3.1.4.jar:3.1.4]
	at org.springframework.boot.SpringApplication.run(SpringApplication.java:1298) ~[spring-boot-3.1.4.jar:3.1.4]
	at com.example.lease_by.LeaseByApplication.main(LeaseByApplication.java:10) ~[classes/:na]

2023-10-05T20:16:27.684+03:00  WARN 12732 --- [main] ConfigServletWebServerApplicationContext : Exception encountered during context initialization - cancelling refresh attempt: org.springframework.beans.factory.BeanCreationException: Error creating bean with name 'liquibase' defined in class path resource [org/springframework/boot/autoconfigure/liquibase/LiquibaseAutoConfiguration$LiquibaseConfiguration.class]: org.postgresql.util.PSQLException: FATAL: database "lease_by" does not exist
2023-10-05T20:16:27.688+03:00  INFO 12732 --- [main] o.apache.catalina.core.StandardService   : Stopping service [Tomcat]
2023-10-05T20:16:27.706+03:00  INFO 12732 --- [main] .s.b.a.l.ConditionEvaluationReportLogger : 

Error starting ApplicationContext. To display the condition evaluation report re-run your application with 'debug' enabled.
2023-10-05T20:16:27.728+03:00 ERROR 12732 --- [main] o.s.boot.SpringApplication               : Application run failed

org.springframework.beans.factory.BeanCreationException: Error creating bean with name 'liquibase' defined in class path resource [org/springframework/boot/autoconfigure/liquibase/LiquibaseAutoConfiguration$LiquibaseConfiguration.class]: org.postgresql.util.PSQLException: FATAL: database "lease_by" does not exist
	at org.springframework.beans.factory.support.AbstractAutowireCapableBeanFactory.initializeBean(AbstractAutowireCapableBeanFactory.java:1770) ~[spring-beans-6.0.12.jar:6.0.12]
	at org.springframework.beans.factory.support.AbstractAutowireCapableBeanFactory.doCreateBean(AbstractAutowireCapableBeanFactory.java:598) ~[spring-beans-6.0.12.jar:6.0.12]
	at org.springframework.beans.factory.support.AbstractAutowireCapableBeanFactory.createBean(AbstractAutowireCapableBeanFactory.java:520) ~[spring-beans-6.0.12.jar:6.0.12]
	at org.springframework.beans.factory.support.AbstractBeanFactory.lambda$doGetBean$0(AbstractBeanFactory.java:325) ~[spring-beans-6.0.12.jar:6.0.12]
	at org.springframework.beans.factory.support.DefaultSingletonBeanRegistry.getSingleton(DefaultSingletonBeanRegistry.java:234) ~[spring-beans-6.0.12.jar:6.0.12]
	at org.springframework.beans.factory.support.AbstractBeanFactory.doGetBean(AbstractBeanFactory.java:323) ~[spring-beans-6.0.12.jar:6.0.12]
	at org.springframework.beans.factory.support.AbstractBeanFactory.getBean(AbstractBeanFactory.java:199) ~[spring-beans-6.0.12.jar:6.0.12]
	at org.springframework.beans.factory.support.AbstractBeanFactory.doGetBean(AbstractBeanFactory.java:312) ~[spring-beans-6.0.12.jar:6.0.12]
	at org.springframework.beans.factory.support.AbstractBeanFactory.getBean(AbstractBeanFactory.java:199) ~[spring-beans-6.0.12.jar:6.0.12]
	at org.springframework.context.support.AbstractApplicationContext.getBean(AbstractApplicationContext.java:1158) ~[spring-context-6.0.12.jar:6.0.12]
	at org.springframework.context.support.AbstractApplicationContext.finishBeanFactoryInitialization(AbstractApplicationContext.java:932) ~[spring-context-6.0.12.jar:6.0.12]
	at org.springframework.context.support.AbstractApplicationContext.refresh(AbstractApplicationContext.java:608) ~[spring-context-6.0.12.jar:6.0.12]
	at org.springframework.boot.web.servlet.context.ServletWebServerApplicationContext.refresh(ServletWebServerApplicationContext.java:146) ~[spring-boot-3.1.4.jar:3.1.4]
	at org.springframework.boot.SpringApplication.refresh(SpringApplication.java:737) ~[spring-boot-3.1.4.jar:3.1.4]
	at org.springframework.boot.SpringApplication.refreshContext(SpringApplication.java:439) ~[spring-boot-3.1.4.jar:3.1.4]
	at org.springframework.boot.SpringApplication.run(SpringApplication.java:315) ~[spring-boot-3.1.4.jar:3.1.4]
	at org.springframework.boot.SpringApplication.run(SpringApplication.java:1309) ~[spring-boot-3.1.4.jar:3.1.4]
	at org.springframework.boot.SpringApplication.run(SpringApplication.java:1298) ~[spring-boot-3.1.4.jar:3.1.4]
	at com.example.lease_by.LeaseByApplication.main(LeaseByApplication.java:10) ~[classes/:na]
Caused by: liquibase.exception.DatabaseException: org.postgresql.util.PSQLException: FATAL: database "lease_by" does not exist
	at liquibase.integration.spring.SpringLiquibase.afterPropertiesSet(SpringLiquibase.java:286) ~[liquibase-core-4.20.0.jar:na]
	at org.springframework.beans.factory.support.AbstractAutowireCapableBeanFactory.invokeInitMethods(AbstractAutowireCapableBeanFactory.java:1817) ~[spring-beans-6.0.12.jar:6.0.12]
	at org.springframework.beans.factory.support.AbstractAutowireCapableBeanFactory.initializeBean(AbstractAutowireCapableBeanFactory.java:1766) ~[spring-beans-6.0.12.jar:6.0.12]
	... 18 common frames omitted
Caused by: org.postgresql.util.PSQLException: FATAL: database "lease_by" does not exist
	at org.postgresql.core.v3.QueryExecutorImpl.receiveErrorResponse(QueryExecutorImpl.java:2713) ~[postgresql-42.6.0.jar:42.6.0]
	at org.postgresql.core.v3.QueryExecutorImpl.readStartupMessages(QueryExecutorImpl.java:2825) ~[postgresql-42.6.0.jar:42.6.0]
	at org.postgresql.core.v3.QueryExecutorImpl.<init>(QueryExecutorImpl.java:175) ~[postgresql-42.6.0.jar:42.6.0]
	at org.postgresql.core.v3.ConnectionFactoryImpl.openConnectionImpl(ConnectionFactoryImpl.java:313) ~[postgresql-42.6.0.jar:42.6.0]
	at org.postgresql.core.ConnectionFactory.openConnection(ConnectionFactory.java:54) ~[postgresql-42.6.0.jar:42.6.0]
	at org.postgresql.jdbc.PgConnection.<init>(PgConnection.java:263) ~[postgresql-42.6.0.jar:42.6.0]
	at org.postgresql.Driver.makeConnection(Driver.java:443) ~[postgresql-42.6.0.jar:42.6.0]
	at org.postgresql.Driver.connect(Driver.java:297) ~[postgresql-42.6.0.jar:42.6.0]
	at com.zaxxer.hikari.util.DriverDataSource.getConnection(DriverDataSource.java:138) ~[HikariCP-5.0.1.jar:na]
	at com.zaxxer.hikari.pool.PoolBase.newConnection(PoolBase.java:359) ~[HikariCP-5.0.1.jar:na]
	at com.zaxxer.hikari.pool.PoolBase.newPoolEntry(PoolBase.java:201) ~[HikariCP-5.0.1.jar:na]
	at com.zaxxer.hikari.pool.HikariPool.createPoolEntry(HikariPool.java:470) ~[HikariCP-5.0.1.jar:na]
	at com.zaxxer.hikari.pool.HikariPool.checkFailFast(HikariPool.java:561) ~[HikariCP-5.0.1.jar:na]
	at com.zaxxer.hikari.pool.HikariPool.<init>(HikariPool.java:100) ~[HikariCP-5.0.1.jar:na]
	at com.zaxxer.hikari.HikariDataSource.getConnection(HikariDataSource.java:112) ~[HikariCP-5.0.1.jar:na]
	at liquibase.integration.spring.SpringLiquibase.afterPropertiesSet(SpringLiquibase.java:281) ~[liquibase-core-4.20.0.jar:na]
	... 20 common frames omitted

2023-10-05T20:42:33.027+03:00  INFO 21072 --- [main] c.example.lease_by.LeaseByApplication    : Starting LeaseByApplication using Java 19.0.1 with PID 21072 (C:\Users\ermak\IdeaProjects\lease_by\target\classes started by ermak in C:\Users\ermak\IdeaProjects\lease_by)
2023-10-05T20:42:33.031+03:00  INFO 21072 --- [main] c.example.lease_by.LeaseByApplication    : No active profile set, falling back to 1 default profile: "default"
2023-10-05T20:42:34.373+03:00  INFO 21072 --- [main] .s.d.r.c.RepositoryConfigurationDelegate : Bootstrapping Spring Data JPA repositories in DEFAULT mode.
2023-10-05T20:42:34.413+03:00  INFO 21072 --- [main] .s.d.r.c.RepositoryConfigurationDelegate : Finished Spring Data repository scanning in 23 ms. Found 0 JPA repository interfaces.
2023-10-05T20:42:35.251+03:00  INFO 21072 --- [main] o.s.b.w.embedded.tomcat.TomcatWebServer  : Tomcat initialized with port(s): 8080 (http)
2023-10-05T20:42:35.265+03:00  INFO 21072 --- [main] o.apache.catalina.core.StandardService   : Starting service [Tomcat]
2023-10-05T20:42:35.266+03:00  INFO 21072 --- [main] o.apache.catalina.core.StandardEngine    : Starting Servlet engine: [Apache Tomcat/10.1.13]
2023-10-05T20:42:35.548+03:00  INFO 21072 --- [main] org.apache.jasper.servlet.TldScanner     : At least one JAR was scanned for TLDs yet contained no TLDs. Enable debug logging for this logger for a complete list of JARs that were scanned but no TLDs were found in them. Skipping unneeded JARs during scanning can improve startup time and JSP compilation time.
2023-10-05T20:42:35.554+03:00  INFO 21072 --- [main] o.a.c.c.C.[Tomcat].[localhost].[/]       : Initializing Spring embedded WebApplicationContext
2023-10-05T20:42:35.555+03:00  INFO 21072 --- [main] w.s.c.ServletWebServerApplicationContext : Root WebApplicationContext: initialization completed in 2440 ms
2023-10-05T20:42:35.690+03:00  INFO 21072 --- [main] com.zaxxer.hikari.HikariDataSource       : HikariPool-1 - Starting...
2023-10-05T20:42:35.895+03:00  INFO 21072 --- [main] com.zaxxer.hikari.pool.HikariPool        : HikariPool-1 - Added connection org.postgresql.jdbc.PgConnection@740a0d5e
2023-10-05T20:42:35.898+03:00  INFO 21072 --- [main] com.zaxxer.hikari.HikariDataSource       : HikariPool-1 - Start completed.
2023-10-05T20:42:37.803+03:00  INFO 21072 --- [main] liquibase.database                       : Set default schema name to public
2023-10-05T20:42:38.031+03:00  INFO 21072 --- [main] liquibase.executor                       : Changelog query completed.
2023-10-05T20:42:38.036+03:00  INFO 21072 --- [main] liquibase.executor                       : Changelog query completed.
2023-10-05T20:42:38.043+03:00  INFO 21072 --- [main] liquibase.executor                       : Changelog query completed.
2023-10-05T20:42:38.047+03:00  INFO 21072 --- [main] liquibase.executor                       : Changelog query completed.
2023-10-05T20:42:38.051+03:00  INFO 21072 --- [main] liquibase.executor                       : Changelog query completed.
2023-10-05T20:42:38.052+03:00  INFO 21072 --- [main] liquibase.lockservice                    : Successfully acquired change log lock
2023-10-05T20:42:38.080+03:00  INFO 21072 --- [main] liquibase.changelog                      : Creating database history table with name: public.databasechangelog
2023-10-05T20:42:38.092+03:00  INFO 21072 --- [main] liquibase.executor                       : Changelog query completed.
2023-10-05T20:42:38.094+03:00  INFO 21072 --- [main] liquibase.changelog                      : Reading from public.databasechangelog
2023-10-05T20:42:38.096+03:00  INFO 21072 --- [main] liquibase.executor                       : Changelog query completed.
2023-10-05T20:42:38.099+03:00  INFO 21072 --- [main] liquibase.executor                       : Changelog query completed.
2023-10-05T20:42:38.190+03:00  INFO 21072 --- [main] liquibase.changelog                      : Custom SQL executed
2023-10-05T20:42:38.192+03:00  INFO 21072 --- [main] liquibase.changelog                      : ChangeSet db/changelog/db.changelog-1.0.sql::1::alexermakov ran successfully in 32ms
2023-10-05T20:42:38.195+03:00  INFO 21072 --- [main] liquibase.executor                       : Changelog query completed.
2023-10-05T20:42:38.198+03:00  INFO 21072 --- [main] liquibase.executor                       : Changelog query completed.
2023-10-05T20:42:38.239+03:00  INFO 21072 --- [main] liquibase.changelog                      : Custom SQL executed
2023-10-05T20:42:38.241+03:00  INFO 21072 --- [main] liquibase.changelog                      : ChangeSet db/changelog/db.changelog-1.0.sql::2::alexermakov ran successfully in 42ms
2023-10-05T20:42:38.244+03:00  INFO 21072 --- [main] liquibase.executor                       : Changelog query completed.
2023-10-05T20:42:38.263+03:00  INFO 21072 --- [main] liquibase.changelog                      : Custom SQL executed
2023-10-05T20:42:38.265+03:00  INFO 21072 --- [main] liquibase.changelog                      : ChangeSet db/changelog/db.changelog-1.0.sql::3::alexermakov ran successfully in 17ms
2023-10-05T20:42:38.269+03:00  INFO 21072 --- [main] liquibase.executor                       : Changelog query completed.
2023-10-05T20:42:38.286+03:00  INFO 21072 --- [main] liquibase.changelog                      : Custom SQL executed
2023-10-05T20:42:38.287+03:00  INFO 21072 --- [main] liquibase.changelog                      : ChangeSet db/changelog/db.changelog-1.0.sql::4::alexermakov ran successfully in 16ms
2023-10-05T20:42:38.294+03:00  INFO 21072 --- [main] liquibase.executor                       : Changelog query completed.
2023-10-05T20:42:38.312+03:00  INFO 21072 --- [main] liquibase.changelog                      : Custom SQL executed
2023-10-05T20:42:38.314+03:00  INFO 21072 --- [main] liquibase.changelog                      : ChangeSet db/changelog/db.changelog-1.0.sql::5::alexermakov ran successfully in 17ms
2023-10-05T20:42:38.317+03:00  INFO 21072 --- [main] liquibase.executor                       : Changelog query completed.
2023-10-05T20:42:38.334+03:00  INFO 21072 --- [main] liquibase.changelog                      : Custom SQL executed
2023-10-05T20:42:38.336+03:00  INFO 21072 --- [main] liquibase.changelog                      : ChangeSet db/changelog/db.changelog-1.0.sql::6::alexermakov ran successfully in 16ms
2023-10-05T20:42:38.339+03:00  INFO 21072 --- [main] liquibase.executor                       : Changelog query completed.
2023-10-05T20:42:38.368+03:00  INFO 21072 --- [main] liquibase.changelog                      : Custom SQL executed
2023-10-05T20:42:38.369+03:00  INFO 21072 --- [main] liquibase.changelog                      : ChangeSet db/changelog/db.changelog-1.0.sql::7::alexermakov ran successfully in 28ms
2023-10-05T20:42:38.371+03:00  INFO 21072 --- [main] liquibase.executor                       : Changelog query completed.
2023-10-05T20:42:38.381+03:00  INFO 21072 --- [main] liquibase.changelog                      : Custom SQL executed
2023-10-05T20:42:38.383+03:00  INFO 21072 --- [main] liquibase.changelog                      : ChangeSet db/changelog/db.changelog-1.0.sql::8::alexermakov ran successfully in 10ms
2023-10-05T20:42:38.385+03:00  INFO 21072 --- [main] liquibase.executor                       : Changelog query completed.
2023-10-05T20:42:38.393+03:00  INFO 21072 --- [main] liquibase.changelog                      : Custom SQL executed
2023-10-05T20:42:38.394+03:00  INFO 21072 --- [main] liquibase.changelog                      : ChangeSet db/changelog/db.changelog-1.0.sql::9::alexermakov ran successfully in 8ms
2023-10-05T20:42:38.397+03:00  INFO 21072 --- [main] liquibase.executor                       : Changelog query completed.
2023-10-05T20:42:38.409+03:00  INFO 21072 --- [main] liquibase.changelog                      : Custom SQL executed
2023-10-05T20:42:38.410+03:00  INFO 21072 --- [main] liquibase.changelog                      : ChangeSet db/changelog/db.changelog-1.0.sql::10::alexermakov ran successfully in 11ms
2023-10-05T20:42:38.412+03:00  INFO 21072 --- [main] liquibase.executor                       : Changelog query completed.
2023-10-05T20:42:38.428+03:00  INFO 21072 --- [main] liquibase.changelog                      : Custom SQL executed
2023-10-05T20:42:38.429+03:00  INFO 21072 --- [main] liquibase.changelog                      : ChangeSet db/changelog/db.changelog-1.0.sql::11::alexermakov ran successfully in 15ms
2023-10-05T20:42:38.431+03:00  INFO 21072 --- [main] liquibase.executor                       : Changelog query completed.
2023-10-05T20:42:38.432+03:00  INFO 21072 --- [main] liquibase                                : Update command completed successfully.
2023-10-05T20:42:38.434+03:00  INFO 21072 --- [main] liquibase.executor                       : Changelog query completed.
2023-10-05T20:42:38.435+03:00  INFO 21072 --- [main] liquibase.lockservice                    : Successfully released change log lock
2023-10-05T20:42:38.574+03:00  INFO 21072 --- [main] o.hibernate.jpa.internal.util.LogHelper  : HHH000204: Processing PersistenceUnitInfo [name: default]
2023-10-05T20:42:38.678+03:00  INFO 21072 --- [main] org.hibernate.Version                    : HHH000412: Hibernate ORM core version 6.2.9.Final
2023-10-05T20:42:38.681+03:00  INFO 21072 --- [main] org.hibernate.cfg.Environment            : HHH000406: Using bytecode reflection optimizer
2023-10-05T20:42:38.894+03:00  INFO 21072 --- [main] o.h.e.boot.internal.EnversServiceImpl    : Envers integration enabled? : true
2023-10-05T20:42:38.923+03:00  INFO 21072 --- [main] o.h.b.i.BytecodeProviderInitiator        : HHH000021: Bytecode provider name : bytebuddy
2023-10-05T20:42:39.150+03:00  INFO 21072 --- [main] o.s.o.j.p.SpringPersistenceUnitInfo      : No LoadTimeWeaver setup: ignoring JPA class transformer
2023-10-05T20:42:39.414+03:00  INFO 21072 --- [main] o.h.b.i.BytecodeProviderInitiator        : HHH000021: Bytecode provider name : bytebuddy
2023-10-05T20:42:39.724+03:00  INFO 21072 --- [main] o.h.e.t.j.p.i.JtaPlatformInitiator       : HHH000490: Using JtaPlatform implementation: [org.hibernate.engine.transaction.jta.platform.internal.NoJtaPlatform]
2023-10-05T20:42:39.731+03:00  INFO 21072 --- [main] j.LocalContainerEntityManagerFactoryBean : Initialized JPA EntityManagerFactory for persistence unit 'default'
2023-10-05T20:42:40.262+03:00  WARN 21072 --- [main] ion$DefaultTemplateResolverConfiguration : Cannot find template location: classpath:/templates/ (please add some templates, check your Thymeleaf configuration, or set spring.thymeleaf.check-template-location=false)
2023-10-05T20:42:40.540+03:00  INFO 21072 --- [main] o.s.b.w.embedded.tomcat.TomcatWebServer  : Tomcat started on port(s): 8080 (http) with context path ''
2023-10-05T20:42:40.553+03:00  INFO 21072 --- [main] c.example.lease_by.LeaseByApplication    : Started LeaseByApplication in 8.444 seconds (process running for 9.863)
2023-10-05T20:43:41.093+03:00  INFO 21072 --- [SpringApplicationShutdownHook] j.LocalContainerEntityManagerFactoryBean : Closing JPA EntityManagerFactory for persistence unit 'default'
2023-10-05T20:43:41.096+03:00  INFO 21072 --- [SpringApplicationShutdownHook] com.zaxxer.hikari.HikariDataSource       : HikariPool-1 - Shutdown initiated...
2023-10-05T20:43:41.107+03:00  INFO 21072 --- [SpringApplicationShutdownHook] com.zaxxer.hikari.HikariDataSource       : HikariPool-1 - Shutdown completed.
